Base path: C:/Program Files/Unity/Hub/Editor/2018.4.2f1/Editor/Data
Cmd: initializeCompiler
Cmd: compileComputeKernel
  api=4 insize=13661 outsize=21453 ok=1
Cmd: compileComputeKernel
  api=4 insize=13661 outsize=40201 ok=1
Cmd: compileComputeKernel
  api=4 insize=13661 outsize=56897 ok=1
Cmd: compileComputeKernel
  api=4 insize=13661 outsize=31133 ok=1
Cmd: compileComputeKernel
  api=4 insize=13661 outsize=44177 ok=1
Cmd: compileComputeKernel
  api=4 insize=13661 outsize=41589 ok=1
Cmd: compileComputeKernel
  api=4 insize=13661 outsize=67209 ok=1
Cmd: compileComputeKernel
  api=4 insize=13661 outsize=39261 ok=1
Cmd: compileComputeKernel
  api=4 insize=13661 outsize=69609 ok=1
Cmd: compileComputeKernel
  api=4 insize=13661 outsize=44125 ok=1
Cmd: compileComputeKernel
  api=4 insize=26681 outsize=15857 ok=1
Cmd: compileComputeKernel
  api=4 insize=26681 outsize=16285 ok=1
Cmd: compileComputeKernel
  api=4 insize=2134 outsize=349 ok=1
Cmd: compileComputeKernel
  api=4 insize=11176 outsize=10593 ok=1
Cmd: compileComputeKernel
  api=4 insize=5022 outsize=9129 ok=1
Cmd: compileComputeKernel
  api=4 insize=3532 outsize=2681 ok=1
Cmd: compileComputeKernel
  api=4 insize=6353 outsize=1037 ok=1
Cmd: compileComputeKernel
  api=4 insize=18731 outsize=8693 ok=1
Cmd: compileComputeKernel
  api=4 insize=19063 outsize=14377 ok=1
Cmd: compileComputeKernel
  api=4 insize=21751 outsize=21741 ok=1
Cmd: compileComputeKernel
  api=4 insize=1864 outsize=553 ok=1
Cmd: compileComputeKernel
  api=4 insize=692 outsize=573 ok=1
Cmd: compileComputeKernel
  api=4 insize=20370 outsize=27309 ok=1
Cmd: compileComputeKernel
  api=4 insize=36517 outsize=31009 ok=1
Cmd: compileComputeKernel
  api=4 insize=36517 outsize=47373 ok=1
Cmd: compileComputeKernel
  api=4 insize=8350 outsize=2077 ok=1
Cmd: compileComputeKernel
  api=4 insize=17323 outsize=15121 ok=1
Cmd: compileComputeKernel
  api=4 insize=1505 outsize=597 ok=1
Cmd: compileComputeKernel
  api=4 insize=2120 outsize=1033 ok=1
Cmd: compileComputeKernel
  api=4 insize=3506 outsize=1685 ok=1
Cmd: compileComputeKernel
  api=4 insize=16866 outsize=4729 ok=1
Cmd: compileComputeKernel
  api=4 insize=16866 outsize=6817 ok=1
Cmd: compileComputeKernel
  api=4 insize=16866 outsize=7397 ok=1
Cmd: compileComputeKernel
  api=4 insize=16866 outsize=9673 ok=1
Cmd: compileComputeKernel
  api=4 insize=16866 outsize=9977 ok=1
Cmd: compileComputeKernel
  api=4 insize=16866 outsize=7381 ok=1
Cmd: compileComputeKernel
  api=4 insize=16866 outsize=7973 ok=1
Cmd: compileComputeKernel
  api=4 insize=16866 outsize=9941 ok=1
Cmd: compileComputeKernel
  api=4 insize=16866 outsize=9261 ok=1
Cmd: initializeCompiler
Cmd: initializeCompiler
Cmd: compileComputeKernel
  api=4 insize=11176 outsize=10437 ok=1
Cmd: compileComputeKernel
  api=4 insize=5032 outsize=9169 ok=1
Cmd: compileComputeKernel
  api=4 insize=3532 outsize=2681 ok=1
Cmd: compileComputeKernel
  api=4 insize=18731 outsize=8681 ok=1
Cmd: compileComputeKernel
  api=4 insize=3174 outsize=353 ok=1
Cmd: compileComputeKernel
  api=4 insize=1505 outsize=597 ok=1
Cmd: initializeCompiler
Cmd: initializeCompiler
Cmd: compileComputeKernel
  api=4 insize=13661 outsize=87245 ok=1
Cmd: compileComputeKernel
  api=4 insize=13661 outsize=42741 ok=1
Cmd: compileComputeKernel
  api=4 insize=13661 outsize=31957 ok=1
Cmd: compileComputeKernel
  api=4 insize=13661 outsize=34569 ok=1
Cmd: compileComputeKernel
  api=4 insize=13661 outsize=31081 ok=1
Cmd: compileComputeKernel
  api=4 insize=13661 outsize=87137 ok=1
Cmd: compileComputeKernel
  api=4 insize=13661 outsize=68769 ok=1
Cmd: compileComputeKernel
  api=4 insize=26681 outsize=14253 ok=1
Cmd: compileComputeKernel
  api=4 insize=26681 outsize=15773 ok=1
Cmd: compileComputeKernel
  error: 2 plat 4 at ScreenSpaceShadow.compute(47): redefinition of 'InterleavedGradientNoise'
  api=4 insize=8005 outsize=0 ok=0
Cmd: compileComputeKernel
  api=4 insize=6353 outsize=1037 ok=1
Cmd: compileComputeKernel
  api=4 insize=19063 outsize=14377 ok=1
Cmd: compileComputeKernel
  api=4 insize=692 outsize=573 ok=1
Cmd: compileComputeKernel
  error: 2 plat 4 at SubsurfaceScattering.compute(84): undeclared identifier 'Mad24Int'
  api=4 insize=20370 outsize=0 ok=0
Cmd: compileComputeKernel
  api=4 insize=36517 outsize=47117 ok=1
Cmd: compileComputeKernel
  api=4 insize=3506 outsize=1685 ok=1
Cmd: compileComputeKernel
  api=4 insize=16866 outsize=5113 ok=1
Cmd: compileComputeKernel
  api=4 insize=16866 outsize=6893 ok=1
Cmd: compileComputeKernel
  api=4 insize=16866 outsize=7029 ok=1
Cmd: compileComputeKernel
  api=4 insize=16866 outsize=8997 ok=1
Cmd: compileComputeKernel
  api=4 insize=16866 outsize=8773 ok=1
Cmd: compileComputeKernel
  api=4 insize=16866 outsize=7261 ok=1
Cmd: compileComputeKernel
  api=4 insize=16866 outsize=6685 ok=1
Cmd: compileComputeKernel
  api=4 insize=16866 outsize=7765 ok=1
Cmd: compileComputeKernel
  api=4 insize=16866 outsize=8501 ok=1
Cmd: compileComputeKernel
  api=4 insize=16866 outsize=11145 ok=1
Cmd: compileComputeKernel
  api=4 insize=16866 outsize=11449 ok=1
Cmd: initializeCompiler
Cmd: compileComputeKernel
  api=4 insize=14379 outsize=96833 ok=1
Cmd: compileComputeKernel
  api=4 insize=14379 outsize=48469 ok=1
Cmd: compileComputeKernel
  api=4 insize=14379 outsize=31041 ok=1
Cmd: compileComputeKernel
  api=4 insize=14379 outsize=87077 ok=1
Cmd: compileComputeKernel
  api=4 insize=14379 outsize=44137 ok=1
Cmd: compileComputeKernel
  api=4 insize=14379 outsize=42785 ok=1
Cmd: compileComputeKernel
  api=4 insize=26814 outsize=15857 ok=1
Cmd: compileComputeKernel
  api=4 insize=26814 outsize=16285 ok=1
Cmd: compileComputeKernel
  api=4 insize=19063 outsize=14613 ok=1
Cmd: compileComputeKernel
  api=4 insize=21751 outsize=21785 ok=1
Cmd: compileComputeKernel
  api=4 insize=34758 outsize=32065 ok=1
Cmd: compileComputeKernel
  api=4 insize=34758 outsize=30721 ok=1
Cmd: compileComputeKernel
  api=4 insize=34758 outsize=32065 ok=1
Cmd: compileComputeKernel
  api=4 insize=16360 outsize=7029 ok=1
Cmd: initializeCompiler
Cmd: initializeCompiler
