Base path: C:/Program Files/Unity/Hub/Editor/2018.4.2f1/Editor/Data
Cmd: initializeCompiler
Cmd: compileComputeKernel
  api=4 insize=13661 outsize=95093 ok=1
Cmd: compileComputeKernel
  api=4 insize=13661 outsize=59665 ok=1
Cmd: compileComputeKernel
  api=4 insize=13661 outsize=87137 ok=1
Cmd: compileComputeKernel
  api=4 insize=13661 outsize=68769 ok=1
Cmd: compileComputeKernel
  api=4 insize=26681 outsize=14253 ok=1
Cmd: compileComputeKernel
  api=4 insize=26681 outsize=15773 ok=1
Cmd: compileComputeKernel
  api=4 insize=2863 outsize=47805 ok=1
Cmd: compileComputeKernel
  api=4 insize=11176 outsize=9849 ok=1
Cmd: compileComputeKernel
  api=4 insize=5022 outsize=4101 ok=1
Cmd: compileComputeKernel
  api=4 insize=18731 outsize=8925 ok=1
Cmd: compileComputeKernel
  api=4 insize=18731 outsize=10769 ok=1
Cmd: compileComputeKernel
  api=4 insize=19063 outsize=14241 ok=1
Cmd: compileComputeKernel
  api=4 insize=36517 outsize=33537 ok=1
Cmd: compileComputeKernel
  api=4 insize=2120 outsize=1037 ok=1
Cmd: compileComputeKernel
  api=4 insize=16866 outsize=6505 ok=1
Cmd: compileComputeKernel
  api=4 insize=16866 outsize=6313 ok=1
Cmd: compileComputeKernel
  api=4 insize=16866 outsize=6501 ok=1
Cmd: compileComputeKernel
  api=4 insize=16866 outsize=8469 ok=1
Cmd: compileComputeKernel
  api=4 insize=16866 outsize=8317 ok=1
Cmd: compileComputeKernel
  api=4 insize=16866 outsize=6565 ok=1
Cmd: compileComputeKernel
  api=4 insize=16866 outsize=7573 ok=1
Cmd: compileComputeKernel
  api=4 insize=16866 outsize=7069 ok=1
Cmd: compileComputeKernel
  api=4 insize=16866 outsize=8773 ok=1
Cmd: compileComputeKernel
  api=4 insize=16866 outsize=10469 ok=1
Cmd: compileComputeKernel
  api=4 insize=16866 outsize=10245 ok=1
Cmd: initializeCompiler
Cmd: initializeCompiler
Cmd: compileComputeKernel
  api=4 insize=18731 outsize=8693 ok=1
Cmd: compileComputeKernel
  api=4 insize=18731 outsize=10549 ok=1
Cmd: initializeCompiler
Cmd: initializeCompiler
Cmd: compileComputeKernel
  api=4 insize=13661 outsize=32173 ok=1
Cmd: compileComputeKernel
  api=4 insize=13661 outsize=28737 ok=1
Cmd: compileComputeKernel
  api=4 insize=13661 outsize=38829 ok=1
Cmd: compileComputeKernel
  api=4 insize=13661 outsize=37505 ok=1
Cmd: compileComputeKernel
  api=4 insize=13661 outsize=48257 ok=1
Cmd: compileComputeKernel
  api=4 insize=13661 outsize=67889 ok=1
Cmd: compileComputeKernel
  api=4 insize=13661 outsize=42669 ok=1
Cmd: compileComputeKernel
  api=4 insize=13661 outsize=41657 ok=1
Cmd: compileComputeKernel
  api=4 insize=13661 outsize=49805 ok=1
Cmd: compileComputeKernel
  api=4 insize=13661 outsize=44197 ok=1
Cmd: compileComputeKernel
  api=4 insize=13661 outsize=49869 ok=1
Cmd: compileComputeKernel
  api=4 insize=13661 outsize=32549 ok=1
Cmd: compileComputeKernel
  api=4 insize=26681 outsize=15341 ok=1
Cmd: compileComputeKernel
  api=4 insize=26681 outsize=16041 ok=1
Cmd: compileComputeKernel
  api=4 insize=19063 outsize=14105 ok=1
Cmd: compileComputeKernel
  api=4 insize=19063 outsize=15261 ok=1
Cmd: compileComputeKernel
  error: 2 plat 4 at SubsurfaceScattering.compute(84): undeclared identifier 'Mad24Int'
  api=4 insize=20370 outsize=0 ok=0
Cmd: compileComputeKernel
  api=4 insize=36517 outsize=33369 ok=1
Cmd: compileComputeKernel
  api=4 insize=17323 outsize=15157 ok=1
Cmd: compileComputeKernel
  api=4 insize=16866 outsize=6121 ok=1
Cmd: compileComputeKernel
  api=4 insize=16866 outsize=5929 ok=1
Cmd: compileComputeKernel
  api=4 insize=16866 outsize=7321 ok=1
Cmd: compileComputeKernel
  api=4 insize=16866 outsize=9453 ok=1
Cmd: compileComputeKernel
  api=4 insize=16866 outsize=9757 ok=1
Cmd: compileComputeKernel
  api=4 insize=16866 outsize=8345 ok=1
Cmd: compileComputeKernel
  api=4 insize=16866 outsize=7973 ok=1
Cmd: compileComputeKernel
  api=4 insize=16866 outsize=9485 ok=1
Cmd: compileComputeKernel
  api=4 insize=16866 outsize=8805 ok=1
Cmd: compileComputeKernel
  api=4 insize=16866 outsize=11229 ok=1
Cmd: compileComputeKernel
  api=4 insize=3265 outsize=4301 ok=1
Cmd: initializeCompiler
Cmd: compileComputeKernel
  api=4 insize=14379 outsize=87113 ok=1
Cmd: compileComputeKernel
  api=4 insize=14379 outsize=42709 ok=1
Cmd: compileComputeKernel
  api=4 insize=14379 outsize=31865 ok=1
Cmd: compileComputeKernel
  api=4 insize=14379 outsize=34593 ok=1
Cmd: compileComputeKernel
  api=4 insize=14379 outsize=41173 ok=1
Cmd: compileComputeKernel
  api=4 insize=14379 outsize=41761 ok=1
Cmd: compileComputeKernel
  api=4 insize=14379 outsize=39221 ok=1
Cmd: compileComputeKernel
  api=4 insize=14379 outsize=69501 ok=1
Cmd: compileComputeKernel
  api=4 insize=14379 outsize=44153 ok=1
Cmd: compileComputeKernel
  api=4 insize=26814 outsize=15569 ok=1
Cmd: compileComputeKernel
  api=4 insize=19063 outsize=14753 ok=1
Cmd: compileComputeKernel
  api=4 insize=20454 outsize=95037 ok=1
Cmd: compileComputeKernel
  api=4 insize=34758 outsize=30721 ok=1
Cmd: compileComputeKernel
  api=4 insize=34758 outsize=35261 ok=1
Cmd: compileComputeKernel
  api=4 insize=34758 outsize=32769 ok=1
Cmd: compileComputeKernel
  api=4 insize=8350 outsize=2077 ok=1
Cmd: compileComputeKernel
  api=4 insize=16360 outsize=7029 ok=1
Cmd: initializeCompiler
Cmd: initializeCompiler
